# JRE version: OpenJDK Runtime Environment (8.0_212-b04) (build 1.8.0_212-release-1586-b04)
# Java VM: OpenJDK 64-Bit Server VM (25.212-b04 mixed mode windows-amd64 compressed oops)
Heap:
 PSYoungGen      total 163328K, used 110034K [0x00000000e0000000, 0x00000000ec000000, 0x0000000100000000)
  eden space 146944K, 74% used [0x00000000e0000000,0x00000000e6b74aa8,0x00000000e8f80000)
  from space 16384K, 0% used [0x00000000ea080000,0x00000000ea080000,0x00000000eb080000)
  to   space 17408K, 0% used [0x00000000e8f80000,0x00000000e8f80000,0x00000000ea080000)
 ParOldGen       total 152576K, used 33798K [0x00000000a0000000, 0x00000000a9500000, 0x00000000e0000000)
  object space 152576K, 22% used [0x00000000a0000000,0x00000000a2101aa0,0x00000000a9500000)
 Metaspace       used 58714K, capacity 60706K, committed 60800K, reserved 1101824K
  class space    used 8053K, capacity 8544K, committed 8576K, reserved 1048576K
GC Heap History (10 events):
Event: 13.170 GC heap before
{Heap before GC invocations=11 (full 2):
 PSYoungGen      total 113664K, used 10549K [0x00000000e0000000, 0x00000000e9f00000, 0x0000000100000000)
  eden space 101888K, 0% used [0x00000000e0000000,0x00000000e0000000,0x00000000e6380000)
  from space 11776K, 89% used [0x00000000e6380000,0x00000000e6dcd7c8,0x00000000e6f00000)
  to   space 12800K, 0% used [0x00000000e9280000,0x00000000e9280000,0x00000000e9f00000)
 ParOldGen       total 63488K, used 12166K [0x00000000a0000000, 0x00000000a3e00000, 0x00000000e0000000)
  object space 63488K, 19% used [0x00000000a0000000,0x00000000a0be1a18,0x00000000a3e00000)
 Metaspace       used 34574K, capacity 35374K, committed 35456K, reserved 1079296K
  class space    used 4738K, capacity 4960K, committed 4992K, reserved 1048576K
Event: 13.322 GC heap after
Heap after GC invocations=11 (full 2):
 PSYoungGen      total 113664K, used 0K [0x00000000e0000000, 0x00000000e9f00000, 0x0000000100000000)
  eden space 101888K, 0% used [0x00000000e0000000,0x00000000e0000000,0x00000000e6380000)
  from space 11776K, 0% used [0x00000000e6380000,0x00000000e6380000,0x00000000e6f00000)
  to   space 12800K, 0% used [0x00000000e9280000,0x00000000e9280000,0x00000000e9f00000)
 ParOldGen       total 98816K, used 17342K [0x00000000a0000000, 0x00000000a6080000, 0x00000000e0000000)
  object space 98816K, 17% used [0x00000000a0000000,0x00000000a10ef9f0,0x00000000a6080000)
 Metaspace       used 34561K, capacity 35332K, committed 35456K, reserved 1079296K
  class space    used 4734K, capacity 4953K, committed 4992K, reserved 1048576K
}
Event: 16.770 GC heap before
{Heap before GC invocations=12 (full 2):
 PSYoungGen      total 113664K, used 101888K [0x00000000e0000000, 0x00000000e9f00000, 0x0000000100000000)
  eden space 101888K, 100% used [0x00000000e0000000,0x00000000e6380000,0x00000000e6380000)
  from space 11776K, 0% used [0x00000000e6380000,0x00000000e6380000,0x00000000e6f00000)
  to   space 12800K, 0% used [0x00000000e9280000,0x00000000e9280000,0x00000000e9f00000)
 ParOldGen       total 98816K, used 17342K [0x00000000a0000000, 0x00000000a6080000, 0x00000000e0000000)
  object space 98816K, 17% used [0x00000000a0000000,0x00000000a10ef9f0,0x00000000a6080000)
 Metaspace       used 44829K, capacity 45912K, committed 46336K, reserved 1089536K
  class space    used 6028K, capacity 6314K, committed 6400K, reserved 1048576K
Event: 16.792 GC heap after
Heap after GC invocations=12 (full 2):
 PSYoungGen      total 135680K, used 12776K [0x00000000e0000000, 0x00000000e9f00000, 0x0000000100000000)
  eden space 122880K, 0% used [0x00000000e0000000,0x00000000e0000000,0x00000000e7800000)
  from space 12800K, 99% used [0x00000000e9280000,0x00000000e9efa258,0x00000000e9f00000)
  to   space 14848K, 0% used [0x00000000e8200000,0x00000000e8200000,0x00000000e9080000)
 ParOldGen       total 98816K, used 18687K [0x00000000a0000000, 0x00000000a6080000, 0x00000000e0000000)
  object space 98816K, 18% used [0x00000000a0000000,0x00000000a123fe58,0x00000000a6080000)
 Metaspace       used 44829K, capacity 45912K, committed 46336K, reserved 1089536K
  class space    used 6028K, capacity 6314K, committed 6400K, reserved 1048576K
}
Event: 19.973 GC heap before
{Heap before GC invocations=13 (full 2):
 PSYoungGen      total 135680K, used 135656K [0x00000000e0000000, 0x00000000e9f00000, 0x0000000100000000)
  eden space 122880K, 100% used [0x00000000e0000000,0x00000000e7800000,0x00000000e7800000)
  from space 12800K, 99% used [0x00000000e9280000,0x00000000e9efa258,0x00000000e9f00000)
  to   space 14848K, 0% used [0x00000000e8200000,0x00000000e8200000,0x00000000e9080000)
 ParOldGen       total 98816K, used 18687K [0x00000000a0000000, 0x00000000a6080000, 0x00000000e0000000)
  object space 98816K, 18% used [0x00000000a0000000,0x00000000a123fe58,0x00000000a6080000)
 Metaspace       used 54883K, capacity 56580K, committed 56704K, reserved 1097728K
  class space    used 7543K, capacity 7943K, committed 8064K, reserved 1048576K
Event: 20.005 GC heap after
Heap after GC invocations=13 (full 2):
 PSYoungGen      total 147968K, used 13792K [0x00000000e0000000, 0x00000000eb080000, 0x0000000100000000)
  eden space 133120K, 0% used [0x00000000e0000000,0x00000000e0000000,0x00000000e8200000)
  from space 14848K, 92% used [0x00000000e8200000,0x00000000e8f78010,0x00000000e9080000)
  to   space 16384K, 0% used [0x00000000ea080000,0x00000000ea080000,0x00000000eb080000)
 ParOldGen       total 98816K, used 24715K [0x00000000a0000000, 0x00000000a6080000, 0x00000000e0000000)
  object space 98816K, 25% used [0x00000000a0000000,0x00000000a1822ee0,0x00000000a6080000)
 Metaspace       used 54883K, capacity 56580K, committed 56704K, reserved 1097728K
  class space    used 7543K, capacity 7943K, committed 8064K, reserved 1048576K
}
Event: 22.381 GC heap before
{Heap before GC invocations=14 (full 2):
 PSYoungGen      total 147968K, used 66601K [0x00000000e0000000, 0x00000000eb080000, 0x0000000100000000)
  eden space 133120K, 39% used [0x00000000e0000000,0x00000000e33924d0,0x00000000e8200000)
  from space 14848K, 92% used [0x00000000e8200000,0x00000000e8f78010,0x00000000e9080000)
  to   space 16384K, 0% used [0x00000000ea080000,0x00000000ea080000,0x00000000eb080000)
 ParOldGen       total 98816K, used 24715K [0x00000000a0000000, 0x00000000a6080000, 0x00000000e0000000)
  object space 98816K, 25% used [0x00000000a0000000,0x00000000a1822ee0,0x00000000a6080000)
 Metaspace       used 57297K, capacity 59080K, committed 59096K, reserved 1099776K
  class space    used 7888K, capacity 8309K, committed 8320K, reserved 1048576K
Event: 22.414 GC heap after
Heap after GC invocations=14 (full 2):
 PSYoungGen      total 163328K, used 13604K [0x00000000e0000000, 0x00000000ec000000, 0x0000000100000000)
  eden space 146944K, 0% used [0x00000000e0000000,0x00000000e0000000,0x00000000e8f80000)
  from space 16384K, 83% used [0x00000000ea080000,0x00000000eadc91c0,0x00000000eb080000)
  to   space 17408K, 0% used [0x00000000e8f80000,0x00000000e8f80000,0x00000000ea080000)
 ParOldGen       total 98816K, used 24723K [0x00000000a0000000, 0x00000000a6080000, 0x00000000e0000000)
  object space 98816K, 25% used [0x00000000a0000000,0x00000000a1824ee0,0x00000000a6080000)
 Metaspace       used 57297K, capacity 59080K, committed 59096K, reserved 1099776K
  class space    used 7888K, capacity 8309K, committed 8320K, reserved 1048576K
}
Event: 22.414 GC heap before
{Heap before GC invocations=15 (full 3):
 PSYoungGen      total 163328K, used 13604K [0x00000000e0000000, 0x00000000ec000000, 0x0000000100000000)
  eden space 146944K, 0% used [0x00000000e0000000,0x00000000e0000000,0x00000000e8f80000)
  from space 16384K, 83% used [0x00000000ea080000,0x00000000eadc91c0,0x00000000eb080000)
  to   space 17408K, 0% used [0x00000000e8f80000,0x00000000e8f80000,0x00000000ea080000)
 ParOldGen       total 98816K, used 24723K [0x00000000a0000000, 0x00000000a6080000, 0x00000000e0000000)
  object space 98816K, 25% used [0x00000000a0000000,0x00000000a1824ee0,0x00000000a6080000)
 Metaspace       used 57297K, capacity 59080K, committed 59096K, reserved 1099776K
  class space    used 7888K, capacity 8309K, committed 8320K, reserved 1048576K
Event: 23.068 GC heap after
Heap after GC invocations=15 (full 3):
 PSYoungGen      total 163328K, used 0K [0x00000000e0000000, 0x00000000ec000000, 0x0000000100000000)
  eden space 146944K, 0% used [0x00000000e0000000,0x00000000e0000000,0x00000000e8f80000)
  from space 16384K, 0% used [0x00000000ea080000,0x00000000ea080000,0x00000000eb080000)
  to   space 17408K, 0% used [0x00000000e8f80000,0x00000000e8f80000,0x00000000ea080000)
 ParOldGen       total 152576K, used 33798K [0x00000000a0000000, 0x00000000a9500000, 0x00000000e0000000)
  object space 152576K, 22% used [0x00000000a0000000,0x00000000a2101aa0,0x00000000a9500000)
 Metaspace       used 57282K, capacity 59046K, committed 59096K, reserved 1099776K
  class space    used 7884K, capacity 8302K, committed 8320K, reserved 1048576K
}

