# JRE version: OpenJDK Runtime Environment (8.0_212-b04) (build 1.8.0_212-release-1586-b04)
# Java VM: OpenJDK 64-Bit Server VM (25.212-b04 mixed mode windows-amd64 compressed oops)
Heap:
 PSYoungGen      total 135680K, used 41874K [0x00000000e0000000, 0x00000000eb300000, 0x0000000100000000)
  eden space 121344K, 22% used [0x00000000e0000000,0x00000000e1aec148,0x00000000e7680000)
  from space 14336K, 99% used [0x00000000e7680000,0x00000000e84788a8,0x00000000e8480000)
  to   space 17920K, 0% used [0x00000000ea180000,0x00000000ea180000,0x00000000eb300000)
 ParOldGen       total 99328K, used 22560K [0x00000000a0000000, 0x00000000a6100000, 0x00000000e0000000)
  object space 99328K, 22% used [0x00000000a0000000,0x00000000a1608268,0x00000000a6100000)
 Metaspace       used 55805K, capacity 57586K, committed 57856K, reserved 1099776K
  class space    used 7687K, capacity 8110K, committed 8192K, reserved 1048576K
GC Heap History (10 events):
Event: 6.067 GC heap before
{Heap before GC invocations=9 (full 1):
 PSYoungGen      total 77312K, used 73716K [0x00000000e0000000, 0x00000000e7400000, 0x0000000100000000)
  eden space 65536K, 100% used [0x00000000e0000000,0x00000000e4000000,0x00000000e4000000)
  from space 11776K, 69% used [0x00000000e4000000,0x00000000e47fd3f0,0x00000000e4b80000)
  to   space 11776K, 0% used [0x00000000e6880000,0x00000000e6880000,0x00000000e7400000)
 ParOldGen       total 64512K, used 9717K [0x00000000a0000000, 0x00000000a3f00000, 0x00000000e0000000)
  object space 64512K, 15% used [0x00000000a0000000,0x00000000a097d5a8,0x00000000a3f00000)
 Metaspace       used 32017K, capacity 32532K, committed 32768K, reserved 1077248K
  class space    used 4388K, capacity 4587K, committed 4608K, reserved 1048576K
Event: 6.085 GC heap after
Heap after GC invocations=9 (full 1):
 PSYoungGen      total 107008K, used 8293K [0x00000000e0000000, 0x00000000e7900000, 0x0000000100000000)
  eden space 95232K, 0% used [0x00000000e0000000,0x00000000e0000000,0x00000000e5d00000)
  from space 11776K, 70% used [0x00000000e6880000,0x00000000e70996c0,0x00000000e7400000)
  to   space 11776K, 0% used [0x00000000e5d00000,0x00000000e5d00000,0x00000000e6880000)
 ParOldGen       total 64512K, used 9725K [0x00000000a0000000, 0x00000000a3f00000, 0x00000000e0000000)
  object space 64512K, 15% used [0x00000000a0000000,0x00000000a097f5a8,0x00000000a3f00000)
 Metaspace       used 32017K, capacity 32532K, committed 32768K, reserved 1077248K
  class space    used 4388K, capacity 4587K, committed 4608K, reserved 1048576K
}
Event: 7.044 GC heap before
{Heap before GC invocations=10 (full 1):
 PSYoungGen      total 107008K, used 71646K [0x00000000e0000000, 0x00000000e7900000, 0x0000000100000000)
  eden space 95232K, 66% used [0x00000000e0000000,0x00000000e3dde360,0x00000000e5d00000)
  from space 11776K, 70% used [0x00000000e6880000,0x00000000e70996c0,0x00000000e7400000)
  to   space 11776K, 0% used [0x00000000e5d00000,0x00000000e5d00000,0x00000000e6880000)
 ParOldGen       total 64512K, used 9725K [0x00000000a0000000, 0x00000000a3f00000, 0x00000000e0000000)
  object space 64512K, 15% used [0x00000000a0000000,0x00000000a097f5a8,0x00000000a3f00000)
 Metaspace       used 34641K, capacity 35452K, committed 35456K, reserved 1079296K
  class space    used 4755K, capacity 4989K, committed 4992K, reserved 1048576K
Event: 7.054 GC heap after
Heap after GC invocations=10 (full 1):
 PSYoungGen      total 107008K, used 10632K [0x00000000e0000000, 0x00000000e9280000, 0x0000000100000000)
  eden space 95232K, 0% used [0x00000000e0000000,0x00000000e0000000,0x00000000e5d00000)
  from space 11776K, 90% used [0x00000000e5d00000,0x00000000e6762220,0x00000000e6880000)
  to   space 12800K, 0% used [0x00000000e8600000,0x00000000e8600000,0x00000000e9280000)
 ParOldGen       total 64512K, used 9733K [0x00000000a0000000, 0x00000000a3f00000, 0x00000000e0000000)
  object space 64512K, 15% used [0x00000000a0000000,0x00000000a09815a8,0x00000000a3f00000)
 Metaspace       used 34641K, capacity 35452K, committed 35456K, reserved 1079296K
  class space    used 4755K, capacity 4989K, committed 4992K, reserved 1048576K
}
Event: 7.054 GC heap before
{Heap before GC invocations=11 (full 2):
 PSYoungGen      total 107008K, used 10632K [0x00000000e0000000, 0x00000000e9280000, 0x0000000100000000)
  eden space 95232K, 0% used [0x00000000e0000000,0x00000000e0000000,0x00000000e5d00000)
  from space 11776K, 90% used [0x00000000e5d00000,0x00000000e6762220,0x00000000e6880000)
  to   space 12800K, 0% used [0x00000000e8600000,0x00000000e8600000,0x00000000e9280000)
 ParOldGen       total 64512K, used 9733K [0x00000000a0000000, 0x00000000a3f00000, 0x00000000e0000000)
  object space 64512K, 15% used [0x00000000a0000000,0x00000000a09815a8,0x00000000a3f00000)
 Metaspace       used 34641K, capacity 35452K, committed 35456K, reserved 1079296K
  class space    used 4755K, capacity 4989K, committed 4992K, reserved 1048576K
Event: 7.103 GC heap after
Heap after GC invocations=11 (full 2):
 PSYoungGen      total 107008K, used 0K [0x00000000e0000000, 0x00000000e9280000, 0x0000000100000000)
  eden space 95232K, 0% used [0x00000000e0000000,0x00000000e0000000,0x00000000e5d00000)
  from space 11776K, 0% used [0x00000000e5d00000,0x00000000e5d00000,0x00000000e6880000)
  to   space 12800K, 0% used [0x00000000e8600000,0x00000000e8600000,0x00000000e9280000)
 ParOldGen       total 99328K, used 17548K [0x00000000a0000000, 0x00000000a6100000, 0x00000000e0000000)
  object space 99328K, 17% used [0x00000000a0000000,0x00000000a11233a8,0x00000000a6100000)
 Metaspace       used 34635K, capacity 35434K, committed 35456K, reserved 1079296K
  class space    used 4754K, capacity 4986K, committed 4992K, reserved 1048576K
}
Event: 10.292 GC heap before
{Heap before GC invocations=12 (full 2):
 PSYoungGen      total 107008K, used 95232K [0x00000000e0000000, 0x00000000e9280000, 0x0000000100000000)
  eden space 95232K, 100% used [0x00000000e0000000,0x00000000e5d00000,0x00000000e5d00000)
  from space 11776K, 0% used [0x00000000e5d00000,0x00000000e5d00000,0x00000000e6880000)
  to   space 12800K, 0% used [0x00000000e8600000,0x00000000e8600000,0x00000000e9280000)
 ParOldGen       total 99328K, used 17548K [0x00000000a0000000, 0x00000000a6100000, 0x00000000e0000000)
  object space 99328K, 17% used [0x00000000a0000000,0x00000000a11233a8,0x00000000a6100000)
 Metaspace       used 44459K, capacity 45548K, committed 45824K, reserved 1089536K
  class space    used 5999K, capacity 6280K, committed 6400K, reserved 1048576K
Event: 10.308 GC heap after
Heap after GC invocations=12 (full 2):
 PSYoungGen      total 132608K, used 12786K [0x00000000e0000000, 0x00000000e9280000, 0x0000000100000000)
  eden space 119808K, 0% used [0x00000000e0000000,0x00000000e0000000,0x00000000e7500000)
  from space 12800K, 99% used [0x00000000e8600000,0x00000000e927cab8,0x00000000e9280000)
  to   space 14336K, 0% used [0x00000000e7680000,0x00000000e7680000,0x00000000e8480000)
 ParOldGen       total 99328K, used 17592K [0x00000000a0000000, 0x00000000a6100000, 0x00000000e0000000)
  object space 99328K, 17% used [0x00000000a0000000,0x00000000a112e288,0x00000000a6100000)
 Metaspace       used 44459K, capacity 45548K, committed 45824K, reserved 1089536K
  class space    used 5999K, capacity 6280K, committed 6400K, reserved 1048576K
}
Event: 15.047 GC heap before
{Heap before GC invocations=13 (full 2):
 PSYoungGen      total 132608K, used 132594K [0x00000000e0000000, 0x00000000e9280000, 0x0000000100000000)
  eden space 119808K, 100% used [0x00000000e0000000,0x00000000e7500000,0x00000000e7500000)
  from space 12800K, 99% used [0x00000000e8600000,0x00000000e927cab8,0x00000000e9280000)
  to   space 14336K, 0% used [0x00000000e7680000,0x00000000e7680000,0x00000000e8480000)
 ParOldGen       total 99328K, used 17592K [0x00000000a0000000, 0x00000000a6100000, 0x00000000e0000000)
  object space 99328K, 17% used [0x00000000a0000000,0x00000000a112e288,0x00000000a6100000)
 Metaspace       used 54117K, capacity 55728K, committed 55808K, reserved 1097728K
  class space    used 7451K, capacity 7875K, committed 7936K, reserved 1048576K
Event: 15.066 GC heap after
Heap after GC invocations=13 (full 2):
 PSYoungGen      total 135680K, used 14306K [0x00000000e0000000, 0x00000000eb300000, 0x0000000100000000)
  eden space 121344K, 0% used [0x00000000e0000000,0x00000000e0000000,0x00000000e7680000)
  from space 14336K, 99% used [0x00000000e7680000,0x00000000e84788a8,0x00000000e8480000)
  to   space 17920K, 0% used [0x00000000ea180000,0x00000000ea180000,0x00000000eb300000)
 ParOldGen       total 99328K, used 22560K [0x00000000a0000000, 0x00000000a6100000, 0x00000000e0000000)
  object space 99328K, 22% used [0x00000000a0000000,0x00000000a1608268,0x00000000a6100000)
 Metaspace       used 54117K, capacity 55728K, committed 55808K, reserved 1097728K
  class space    used 7451K, capacity 7875K, committed 7936K, reserved 1048576K
}

