# JRE version: OpenJDK Runtime Environment (8.0_212-b04) (build 1.8.0_212-release-1586-b04)
# Java VM: OpenJDK 64-Bit Server VM (25.212-b04 mixed mode windows-amd64 compressed oops)
Heap:
 PSYoungGen      total 117760K, used 14482K [0x00000000e0000000, 0x00000000e8000000, 0x0000000100000000)
  eden space 105984K, 5% used [0x00000000e0000000,0x00000000e05fa8f8,0x00000000e6780000)
  from space 11776K, 70% used [0x00000000e7300000,0x00000000e7b2a1d0,0x00000000e7e80000)
  to   space 11776K, 0% used [0x00000000e6780000,0x00000000e6780000,0x00000000e7300000)
 ParOldGen       total 59392K, used 9632K [0x00000000a0000000, 0x00000000a3a00000, 0x00000000e0000000)
  object space 59392K, 16% used [0x00000000a0000000,0x00000000a0968290,0x00000000a3a00000)
 Metaspace       used 32180K, capacity 32756K, committed 33152K, reserved 1077248K
  class space    used 4416K, capacity 4619K, committed 4736K, reserved 1048576K
GC Heap History (10 events):
Event: 4.566 GC heap before
{Heap before GC invocations=5 (full 0):
 PSYoungGen      total 38400K, used 38384K [0x00000000e0000000, 0x00000000e4b00000, 0x0000000100000000)
  eden space 33280K, 100% used [0x00000000e0000000,0x00000000e2080000,0x00000000e2080000)
  from space 5120K, 99% used [0x00000000e2580000,0x00000000e2a7c030,0x00000000e2a80000)
  to   space 5120K, 0% used [0x00000000e2080000,0x00000000e2080000,0x00000000e2580000)
 ParOldGen       total 87552K, used 3888K [0x00000000a0000000, 0x00000000a5580000, 0x00000000e0000000)
  object space 87552K, 4% used [0x00000000a0000000,0x00000000a03cc220,0x00000000a5580000)
 Metaspace       used 17624K, capacity 18094K, committed 18432K, reserved 1064960K
  class space    used 2526K, capacity 2691K, committed 2816K, reserved 1048576K
Event: 4.579 GC heap after
Heap after GC invocations=5 (full 0):
 PSYoungGen      total 38400K, used 5088K [0x00000000e0000000, 0x00000000e5600000, 0x0000000100000000)
  eden space 33280K, 0% used [0x00000000e0000000,0x00000000e0000000,0x00000000e2080000)
  from space 5120K, 99% used [0x00000000e2080000,0x00000000e2578040,0x00000000e2580000)
  to   space 10752K, 0% used [0x00000000e4b80000,0x00000000e4b80000,0x00000000e5600000)
 ParOldGen       total 87552K, used 7455K [0x00000000a0000000, 0x00000000a5580000, 0x00000000e0000000)
  object space 87552K, 8% used [0x00000000a0000000,0x00000000a0747d28,0x00000000a5580000)
 Metaspace       used 17624K, capacity 18094K, committed 18432K, reserved 1064960K
  class space    used 2526K, capacity 2691K, committed 2816K, reserved 1048576K
}
Event: 5.190 GC heap before
{Heap before GC invocations=6 (full 0):
 PSYoungGen      total 38400K, used 34996K [0x00000000e0000000, 0x00000000e5600000, 0x0000000100000000)
  eden space 33280K, 89% used [0x00000000e0000000,0x00000000e1d35238,0x00000000e2080000)
  from space 5120K, 99% used [0x00000000e2080000,0x00000000e2578040,0x00000000e2580000)
  to   space 10752K, 0% used [0x00000000e4b80000,0x00000000e4b80000,0x00000000e5600000)
 ParOldGen       total 87552K, used 7455K [0x00000000a0000000, 0x00000000a5580000, 0x00000000e0000000)
  object space 87552K, 8% used [0x00000000a0000000,0x00000000a0747d28,0x00000000a5580000)
 Metaspace       used 20678K, capacity 21202K, committed 21296K, reserved 1067008K
  class space    used 2984K, capacity 3161K, committed 3200K, reserved 1048576K
Event: 5.205 GC heap after
Heap after GC invocations=6 (full 0):
 PSYoungGen      total 76288K, used 8943K [0x00000000e0000000, 0x00000000e5800000, 0x0000000100000000)
  eden space 65536K, 0% used [0x00000000e0000000,0x00000000e0000000,0x00000000e4000000)
  from space 10752K, 83% used [0x00000000e4b80000,0x00000000e543bff8,0x00000000e5600000)
  to   space 11776K, 0% used [0x00000000e4000000,0x00000000e4000000,0x00000000e4b80000)
 ParOldGen       total 87552K, used 7463K [0x00000000a0000000, 0x00000000a5580000, 0x00000000e0000000)
  object space 87552K, 8% used [0x00000000a0000000,0x00000000a0749d28,0x00000000a5580000)
 Metaspace       used 20678K, capacity 21202K, committed 21296K, reserved 1067008K
  class space    used 2984K, capacity 3161K, committed 3200K, reserved 1048576K
}
Event: 5.205 GC heap before
{Heap before GC invocations=7 (full 1):
 PSYoungGen      total 76288K, used 8943K [0x00000000e0000000, 0x00000000e5800000, 0x0000000100000000)
  eden space 65536K, 0% used [0x00000000e0000000,0x00000000e0000000,0x00000000e4000000)
  from space 10752K, 83% used [0x00000000e4b80000,0x00000000e543bff8,0x00000000e5600000)
  to   space 11776K, 0% used [0x00000000e4000000,0x00000000e4000000,0x00000000e4b80000)
 ParOldGen       total 87552K, used 7463K [0x00000000a0000000, 0x00000000a5580000, 0x00000000e0000000)
  object space 87552K, 8% used [0x00000000a0000000,0x00000000a0749d28,0x00000000a5580000)
 Metaspace       used 20678K, capacity 21202K, committed 21296K, reserved 1067008K
  class space    used 2984K, capacity 3161K, committed 3200K, reserved 1048576K
Event: 5.251 GC heap after
Heap after GC invocations=7 (full 1):
 PSYoungGen      total 76288K, used 0K [0x00000000e0000000, 0x00000000e5800000, 0x0000000100000000)
  eden space 65536K, 0% used [0x00000000e0000000,0x00000000e0000000,0x00000000e4000000)
  from space 10752K, 0% used [0x00000000e4b80000,0x00000000e4b80000,0x00000000e5600000)
  to   space 11776K, 0% used [0x00000000e4000000,0x00000000e4000000,0x00000000e4b80000)
 ParOldGen       total 59392K, used 9616K [0x00000000a0000000, 0x00000000a3a00000, 0x00000000e0000000)
  object space 59392K, 16% used [0x00000000a0000000,0x00000000a0964290,0x00000000a3a00000)
 Metaspace       used 20678K, capacity 21202K, committed 21296K, reserved 1067008K
  class space    used 2984K, capacity 3161K, committed 3200K, reserved 1048576K
}
Event: 6.601 GC heap before
{Heap before GC invocations=8 (full 1):
 PSYoungGen      total 76288K, used 65536K [0x00000000e0000000, 0x00000000e5800000, 0x0000000100000000)
  eden space 65536K, 100% used [0x00000000e0000000,0x00000000e4000000,0x00000000e4000000)
  from space 10752K, 0% used [0x00000000e4b80000,0x00000000e4b80000,0x00000000e5600000)
  to   space 11776K, 0% used [0x00000000e4000000,0x00000000e4000000,0x00000000e4b80000)
 ParOldGen       total 59392K, used 9616K [0x00000000a0000000, 0x00000000a3a00000, 0x00000000e0000000)
  object space 59392K, 16% used [0x00000000a0000000,0x00000000a0964290,0x00000000a3a00000)
 Metaspace       used 29061K, capacity 29562K, committed 29696K, reserved 1075200K
  class space    used 3912K, capacity 4065K, committed 4096K, reserved 1048576K
Event: 6.616 GC heap after
Heap after GC invocations=8 (full 1):
 PSYoungGen      total 77312K, used 8068K [0x00000000e0000000, 0x00000000e7e80000, 0x0000000100000000)
  eden space 65536K, 0% used [0x00000000e0000000,0x00000000e0000000,0x00000000e4000000)
  from space 11776K, 68% used [0x00000000e4000000,0x00000000e47e11d0,0x00000000e4b80000)
  to   space 11776K, 0% used [0x00000000e7300000,0x00000000e7300000,0x00000000e7e80000)
 ParOldGen       total 59392K, used 9624K [0x00000000a0000000, 0x00000000a3a00000, 0x00000000e0000000)
  object space 59392K, 16% used [0x00000000a0000000,0x00000000a0966290,0x00000000a3a00000)
 Metaspace       used 29061K, capacity 29562K, committed 29696K, reserved 1075200K
  class space    used 3912K, capacity 4065K, committed 4096K, reserved 1048576K
}
Event: 8.018 GC heap before
{Heap before GC invocations=9 (full 1):
 PSYoungGen      total 77312K, used 73604K [0x00000000e0000000, 0x00000000e7e80000, 0x0000000100000000)
  eden space 65536K, 100% used [0x00000000e0000000,0x00000000e4000000,0x00000000e4000000)
  from space 11776K, 68% used [0x00000000e4000000,0x00000000e47e11d0,0x00000000e4b80000)
  to   space 11776K, 0% used [0x00000000e7300000,0x00000000e7300000,0x00000000e7e80000)
 ParOldGen       total 59392K, used 9624K [0x00000000a0000000, 0x00000000a3a00000, 0x00000000e0000000)
  object space 59392K, 16% used [0x00000000a0000000,0x00000000a0966290,0x00000000a3a00000)
 Metaspace       used 32026K, capacity 32532K, committed 32768K, reserved 1077248K
  class space    used 4390K, capacity 4587K, committed 4608K, reserved 1048576K
Event: 8.045 GC heap after
Heap after GC invocations=9 (full 1):
 PSYoungGen      total 117760K, used 8360K [0x00000000e0000000, 0x00000000e8000000, 0x0000000100000000)
  eden space 105984K, 0% used [0x00000000e0000000,0x00000000e0000000,0x00000000e6780000)
  from space 11776K, 70% used [0x00000000e7300000,0x00000000e7b2a1d0,0x00000000e7e80000)
  to   space 11776K, 0% used [0x00000000e6780000,0x00000000e6780000,0x00000000e7300000)
 ParOldGen       total 59392K, used 9632K [0x00000000a0000000, 0x00000000a3a00000, 0x00000000e0000000)
  object space 59392K, 16% used [0x00000000a0000000,0x00000000a0968290,0x00000000a3a00000)
 Metaspace       used 32026K, capacity 32532K, committed 32768K, reserved 1077248K
  class space    used 4390K, capacity 4587K, committed 4608K, reserved 1048576K
}

