# JRE version: OpenJDK Runtime Environment (8.0_212-b04) (build 1.8.0_212-release-1586-b04)
# Java VM: OpenJDK 64-Bit Server VM (25.212-b04 mixed mode windows-amd64 compressed oops)
Heap:
 PSYoungGen      total 148992K, used 71227K [0x00000000e0000000, 0x00000000ea800000, 0x0000000100000000)
  eden space 136192K, 42% used [0x00000000e0000000,0x00000000e3916388,0x00000000e8500000)
  from space 12800K, 99% used [0x00000000e9b80000,0x00000000ea7f8a50,0x00000000ea800000)
  to   space 14848K, 0% used [0x00000000e8b00000,0x00000000e8b00000,0x00000000e9980000)
 ParOldGen       total 94720K, used 19999K [0x00000000a0000000, 0x00000000a5c80000, 0x00000000e0000000)
  object space 94720K, 21% used [0x00000000a0000000,0x00000000a1387d80,0x00000000a5c80000)
 Metaspace       used 48636K, capacity 49988K, committed 50176K, reserved 1093632K
  class space    used 6508K, capacity 6867K, committed 6912K, reserved 1048576K
GC Heap History (10 events):
Event: 5.181 GC heap before
{Heap before GC invocations=8 (full 1):
 PSYoungGen      total 75264K, used 65024K [0x00000000e0000000, 0x00000000e5800000, 0x0000000100000000)
  eden space 65024K, 100% used [0x00000000e0000000,0x00000000e3f80000,0x00000000e3f80000)
  from space 10240K, 0% used [0x00000000e4b00000,0x00000000e4b00000,0x00000000e5500000)
  to   space 11776K, 0% used [0x00000000e3f80000,0x00000000e3f80000,0x00000000e4b00000)
 ParOldGen       total 61952K, used 9802K [0x00000000a0000000, 0x00000000a3c80000, 0x00000000e0000000)
  object space 61952K, 15% used [0x00000000a0000000,0x00000000a09928f8,0x00000000a3c80000)
 Metaspace       used 29117K, capacity 29704K, committed 30080K, reserved 1075200K
  class space    used 3924K, capacity 4131K, committed 4224K, reserved 1048576K
Event: 5.207 GC heap after
Heap after GC invocations=8 (full 1):
 PSYoungGen      total 76800K, used 7965K [0x00000000e0000000, 0x00000000e7e80000, 0x0000000100000000)
  eden space 65024K, 0% used [0x00000000e0000000,0x00000000e0000000,0x00000000e3f80000)
  from space 11776K, 67% used [0x00000000e3f80000,0x00000000e4747748,0x00000000e4b00000)
  to   space 11776K, 0% used [0x00000000e7300000,0x00000000e7300000,0x00000000e7e80000)
 ParOldGen       total 61952K, used 9810K [0x00000000a0000000, 0x00000000a3c80000, 0x00000000e0000000)
  object space 61952K, 15% used [0x00000000a0000000,0x00000000a09948f8,0x00000000a3c80000)
 Metaspace       used 29117K, capacity 29704K, committed 30080K, reserved 1075200K
  class space    used 3924K, capacity 4131K, committed 4224K, reserved 1048576K
}
Event: 6.115 GC heap before
{Heap before GC invocations=9 (full 1):
 PSYoungGen      total 76800K, used 72989K [0x00000000e0000000, 0x00000000e7e80000, 0x0000000100000000)
  eden space 65024K, 100% used [0x00000000e0000000,0x00000000e3f80000,0x00000000e3f80000)
  from space 11776K, 67% used [0x00000000e3f80000,0x00000000e4747748,0x00000000e4b00000)
  to   space 11776K, 0% used [0x00000000e7300000,0x00000000e7300000,0x00000000e7e80000)
 ParOldGen       total 61952K, used 9810K [0x00000000a0000000, 0x00000000a3c80000, 0x00000000e0000000)
  object space 61952K, 15% used [0x00000000a0000000,0x00000000a09948f8,0x00000000a3c80000)
 Metaspace       used 31966K, capacity 32556K, committed 32768K, reserved 1077248K
  class space    used 4382K, capacity 4591K, committed 4608K, reserved 1048576K
Event: 6.134 GC heap after
Heap after GC invocations=9 (full 1):
 PSYoungGen      total 117760K, used 8160K [0x00000000e0000000, 0x00000000e8000000, 0x0000000100000000)
  eden space 105984K, 0% used [0x00000000e0000000,0x00000000e0000000,0x00000000e6780000)
  from space 11776K, 69% used [0x00000000e7300000,0x00000000e7af8070,0x00000000e7e80000)
  to   space 11776K, 0% used [0x00000000e6780000,0x00000000e6780000,0x00000000e7300000)
 ParOldGen       total 61952K, used 9818K [0x00000000a0000000, 0x00000000a3c80000, 0x00000000e0000000)
  object space 61952K, 15% used [0x00000000a0000000,0x00000000a09968f8,0x00000000a3c80000)
 Metaspace       used 31966K, capacity 32556K, committed 32768K, reserved 1077248K
  class space    used 4382K, capacity 4591K, committed 4608K, reserved 1048576K
}
Event: 7.445 GC heap before
{Heap before GC invocations=10 (full 1):
 PSYoungGen      total 117760K, used 75330K [0x00000000e0000000, 0x00000000e8000000, 0x0000000100000000)
  eden space 105984K, 63% used [0x00000000e0000000,0x00000000e41989a0,0x00000000e6780000)
  from space 11776K, 69% used [0x00000000e7300000,0x00000000e7af8070,0x00000000e7e80000)
  to   space 11776K, 0% used [0x00000000e6780000,0x00000000e6780000,0x00000000e7300000)
 ParOldGen       total 61952K, used 9818K [0x00000000a0000000, 0x00000000a3c80000, 0x00000000e0000000)
  object space 61952K, 15% used [0x00000000a0000000,0x00000000a09968f8,0x00000000a3c80000)
 Metaspace       used 34566K, capacity 35390K, committed 35456K, reserved 1079296K
  class space    used 4748K, capacity 4974K, committed 4992K, reserved 1048576K
Event: 7.458 GC heap after
Heap after GC invocations=10 (full 1):
 PSYoungGen      total 117760K, used 10760K [0x00000000e0000000, 0x00000000ea800000, 0x0000000100000000)
  eden space 105984K, 0% used [0x00000000e0000000,0x00000000e0000000,0x00000000e6780000)
  from space 11776K, 91% used [0x00000000e6780000,0x00000000e7202108,0x00000000e7300000)
  to   space 12800K, 0% used [0x00000000e9b80000,0x00000000e9b80000,0x00000000ea800000)
 ParOldGen       total 61952K, used 9826K [0x00000000a0000000, 0x00000000a3c80000, 0x00000000e0000000)
  object space 61952K, 15% used [0x00000000a0000000,0x00000000a09988f8,0x00000000a3c80000)
 Metaspace       used 34566K, capacity 35390K, committed 35456K, reserved 1079296K
  class space    used 4748K, capacity 4974K, committed 4992K, reserved 1048576K
}
Event: 7.458 GC heap before
{Heap before GC invocations=11 (full 2):
 PSYoungGen      total 117760K, used 10760K [0x00000000e0000000, 0x00000000ea800000, 0x0000000100000000)
  eden space 105984K, 0% used [0x00000000e0000000,0x00000000e0000000,0x00000000e6780000)
  from space 11776K, 91% used [0x00000000e6780000,0x00000000e7202108,0x00000000e7300000)
  to   space 12800K, 0% used [0x00000000e9b80000,0x00000000e9b80000,0x00000000ea800000)
 ParOldGen       total 61952K, used 9826K [0x00000000a0000000, 0x00000000a3c80000, 0x00000000e0000000)
  object space 61952K, 15% used [0x00000000a0000000,0x00000000a09988f8,0x00000000a3c80000)
 Metaspace       used 34566K, capacity 35390K, committed 35456K, reserved 1079296K
  class space    used 4748K, capacity 4974K, committed 4992K, reserved 1048576K
Event: 7.541 GC heap after
Heap after GC invocations=11 (full 2):
 PSYoungGen      total 117760K, used 0K [0x00000000e0000000, 0x00000000ea800000, 0x0000000100000000)
  eden space 105984K, 0% used [0x00000000e0000000,0x00000000e0000000,0x00000000e6780000)
  from space 11776K, 0% used [0x00000000e6780000,0x00000000e6780000,0x00000000e7300000)
  to   space 12800K, 0% used [0x00000000e9b80000,0x00000000e9b80000,0x00000000ea800000)
 ParOldGen       total 94720K, used 17694K [0x00000000a0000000, 0x00000000a5c80000, 0x00000000e0000000)
  object space 94720K, 18% used [0x00000000a0000000,0x00000000a1147828,0x00000000a5c80000)
 Metaspace       used 34535K, capacity 35288K, committed 35456K, reserved 1079296K
  class space    used 4739K, capacity 4957K, committed 4992K, reserved 1048576K
}
Event: 10.079 GC heap before
{Heap before GC invocations=12 (full 2):
 PSYoungGen      total 117760K, used 105984K [0x00000000e0000000, 0x00000000ea800000, 0x0000000100000000)
  eden space 105984K, 100% used [0x00000000e0000000,0x00000000e6780000,0x00000000e6780000)
  from space 11776K, 0% used [0x00000000e6780000,0x00000000e6780000,0x00000000e7300000)
  to   space 12800K, 0% used [0x00000000e9b80000,0x00000000e9b80000,0x00000000ea800000)
 ParOldGen       total 94720K, used 17694K [0x00000000a0000000, 0x00000000a5c80000, 0x00000000e0000000)
  object space 94720K, 18% used [0x00000000a0000000,0x00000000a1147828,0x00000000a5c80000)
 Metaspace       used 45072K, capacity 46130K, committed 46336K, reserved 1089536K
  class space    used 6055K, capacity 6319K, committed 6400K, reserved 1048576K
Event: 10.113 GC heap after
Heap after GC invocations=12 (full 2):
 PSYoungGen      total 148992K, used 12770K [0x00000000e0000000, 0x00000000ea800000, 0x0000000100000000)
  eden space 136192K, 0% used [0x00000000e0000000,0x00000000e0000000,0x00000000e8500000)
  from space 12800K, 99% used [0x00000000e9b80000,0x00000000ea7f8a50,0x00000000ea800000)
  to   space 14848K, 0% used [0x00000000e8b00000,0x00000000e8b00000,0x00000000e9980000)
 ParOldGen       total 94720K, used 19999K [0x00000000a0000000, 0x00000000a5c80000, 0x00000000e0000000)
  object space 94720K, 21% used [0x00000000a0000000,0x00000000a1387d80,0x00000000a5c80000)
 Metaspace       used 45072K, capacity 46130K, committed 46336K, reserved 1089536K
  class space    used 6055K, capacity 6319K, committed 6400K, reserved 1048576K
}

